<?xml version="1.0" encoding="UTF-8"?>
<testsuite xmlns:xsi="http://www.w3.org/2001/XMLSchema-instance" xsi:noNamespaceSchemaLocation="https://maven.apache.org/surefire/maven-surefire-plugin/xsd/surefire-test-report.xsd" name="TestSuite" time="83.495" tests="18" errors="0" skipped="0" failures="0">
  <properties>
    <property name="sun.desktop" value="windows"/>
    <property name="awt.toolkit" value="sun.awt.windows.WToolkit"/>
    <property name="java.specification.version" value="12"/>
    <property name="sun.cpu.isalist" value="amd64"/>
    <property name="sun.jnu.encoding" value="Cp1252"/>
    <property name="java.class.path" value="C:\Users\aakashchoudhary\eclipse-workspace\tatok\target\test-classes;C:\Users\aakashchoudhary\eclipse-workspace\tatok\target\classes;C:\Users\aakashchoudhary\.m2\repository\org\testng\testng\7.1.0\testng-7.1.0.jar;C:\Users\aakashchoudhary\.m2\repository\com\beust\jcommander\1.72\jcommander-1.72.jar;C:\Users\aakashchoudhary\.m2\repository\com\google\inject\guice\4.1.0\guice-4.1.0-no_aop.jar;C:\Users\aakashchoudhary\.m2\repository\javax\inject\javax.inject\1\javax.inject-1.jar;C:\Users\aakashchoudhary\.m2\repository\aopalliance\aopalliance\1.0\aopalliance-1.0.jar;C:\Users\aakashchoudhary\.m2\repository\org\yaml\snakeyaml\1.21\snakeyaml-1.21.jar;C:\Users\aakashchoudhary\.m2\repository\org\seleniumhq\selenium\selenium-java\3.141.59\selenium-java-3.141.59.jar;C:\Users\aakashchoudhary\.m2\repository\org\seleniumhq\selenium\selenium-api\3.141.59\selenium-api-3.141.59.jar;C:\Users\aakashchoudhary\.m2\repository\org\seleniumhq\selenium\selenium-chrome-driver\3.141.59\selenium-chrome-driver-3.141.59.jar;C:\Users\aakashchoudhary\.m2\repository\org\seleniumhq\selenium\selenium-edge-driver\3.141.59\selenium-edge-driver-3.141.59.jar;C:\Users\aakashchoudhary\.m2\repository\org\seleniumhq\selenium\selenium-firefox-driver\3.141.59\selenium-firefox-driver-3.141.59.jar;C:\Users\aakashchoudhary\.m2\repository\org\seleniumhq\selenium\selenium-ie-driver\3.141.59\selenium-ie-driver-3.141.59.jar;C:\Users\aakashchoudhary\.m2\repository\org\seleniumhq\selenium\selenium-opera-driver\3.141.59\selenium-opera-driver-3.141.59.jar;C:\Users\aakashchoudhary\.m2\repository\org\seleniumhq\selenium\selenium-remote-driver\3.141.59\selenium-remote-driver-3.141.59.jar;C:\Users\aakashchoudhary\.m2\repository\org\seleniumhq\selenium\selenium-safari-driver\3.141.59\selenium-safari-driver-3.141.59.jar;C:\Users\aakashchoudhary\.m2\repository\org\seleniumhq\selenium\selenium-support\3.141.59\selenium-support-3.141.59.jar;C:\Users\aakashchoudhary\.m2\repository\net\bytebuddy\byte-buddy\1.8.15\byte-buddy-1.8.15.jar;C:\Users\aakashchoudhary\.m2\repository\org\apache\commons\commons-exec\1.3\commons-exec-1.3.jar;C:\Users\aakashchoudhary\.m2\repository\com\google\guava\guava\25.0-jre\guava-25.0-jre.jar;C:\Users\aakashchoudhary\.m2\repository\com\google\code\findbugs\jsr305\1.3.9\jsr305-1.3.9.jar;C:\Users\aakashchoudhary\.m2\repository\org\checkerframework\checker-compat-qual\2.0.0\checker-compat-qual-2.0.0.jar;C:\Users\aakashchoudhary\.m2\repository\com\google\errorprone\error_prone_annotations\2.1.3\error_prone_annotations-2.1.3.jar;C:\Users\aakashchoudhary\.m2\repository\com\google\j2objc\j2objc-annotations\1.1\j2objc-annotations-1.1.jar;C:\Users\aakashchoudhary\.m2\repository\org\codehaus\mojo\animal-sniffer-annotations\1.14\animal-sniffer-annotations-1.14.jar;C:\Users\aakashchoudhary\.m2\repository\com\squareup\okhttp3\okhttp\3.11.0\okhttp-3.11.0.jar;C:\Users\aakashchoudhary\.m2\repository\com\squareup\okio\okio\1.14.0\okio-1.14.0.jar;C:\Users\aakashchoudhary\.m2\repository\mysql\mysql-connector-java\5.1.47\mysql-connector-java-5.1.47.jar;C:\Users\aakashchoudhary\.m2\repository\com\jayway\restassured\json-schema-validator\2.8.0\json-schema-validator-2.8.0.jar;C:\Users\aakashchoudhary\.m2\repository\com\github\fge\json-schema-validator\2.2.6\json-schema-validator-2.2.6.jar;C:\Users\aakashchoudhary\.m2\repository\joda-time\joda-time\2.3\joda-time-2.3.jar;C:\Users\aakashchoudhary\.m2\repository\com\googlecode\libphonenumber\libphonenumber\6.2\libphonenumber-6.2.jar;C:\Users\aakashchoudhary\.m2\repository\com\github\fge\json-schema-core\1.2.5\json-schema-core-1.2.5.jar;C:\Users\aakashchoudhary\.m2\repository\com\github\fge\uri-template\0.9\uri-template-0.9.jar;C:\Users\aakashchoudhary\.m2\repository\com\github\fge\msg-simple\1.1\msg-simple-1.1.jar;C:\Users\aakashchoudhary\.m2\repository\com\github\fge\btf\1.2\btf-1.2.jar;C:\Users\aakashchoudhary\.m2\repository\com\github\fge\jackson-coreutils\1.8\jackson-coreutils-1.8.jar;C:\Users\aakashchoudhary\.m2\repository\com\fasterxml\jackson\core\jackson-databind\2.2.3\jackson-databind-2.2.3.jar;C:\Users\aakashchoudhary\.m2\repository\com\fasterxml\jackson\core\jackson-annotations\2.2.3\jackson-annotations-2.2.3.jar;C:\Users\aakashchoudhary\.m2\repository\com\fasterxml\jackson\core\jackson-core\2.2.3\jackson-core-2.2.3.jar;C:\Users\aakashchoudhary\.m2\repository\org\mozilla\rhino\1.7R4\rhino-1.7R4.jar;C:\Users\aakashchoudhary\.m2\repository\javax\mail\mailapi\1.4.3\mailapi-1.4.3.jar;C:\Users\aakashchoudhary\.m2\repository\javax\activation\activation\1.1\activation-1.1.jar;C:\Users\aakashchoudhary\.m2\repository\net\sf\jopt-simple\jopt-simple\4.6\jopt-simple-4.6.jar;C:\Users\aakashchoudhary\.m2\repository\org\hamcrest\hamcrest-core\1.3\hamcrest-core-1.3.jar;C:\Users\aakashchoudhary\.m2\repository\com\jayway\restassured\rest-assured\2.8.0\rest-assured-2.8.0.jar;C:\Users\aakashchoudhary\.m2\repository\org\codehaus\groovy\groovy\2.4.4\groovy-2.4.4.jar;C:\Users\aakashchoudhary\.m2\repository\org\codehaus\groovy\groovy-xml\2.4.4\groovy-xml-2.4.4.jar;C:\Users\aakashchoudhary\.m2\repository\org\apache\httpcomponents\httpclient\4.5.1\httpclient-4.5.1.jar;C:\Users\aakashchoudhary\.m2\repository\org\apache\httpcomponents\httpcore\4.4.3\httpcore-4.4.3.jar;C:\Users\aakashchoudhary\.m2\repository\commons-logging\commons-logging\1.2\commons-logging-1.2.jar;C:\Users\aakashchoudhary\.m2\repository\commons-codec\commons-codec\1.9\commons-codec-1.9.jar;C:\Users\aakashchoudhary\.m2\repository\org\apache\httpcomponents\httpmime\4.5.1\httpmime-4.5.1.jar;C:\Users\aakashchoudhary\.m2\repository\org\hamcrest\hamcrest-library\1.3\hamcrest-library-1.3.jar;C:\Users\aakashchoudhary\.m2\repository\org\ccil\cowan\tagsoup\tagsoup\1.2.1\tagsoup-1.2.1.jar;C:\Users\aakashchoudhary\.m2\repository\com\jayway\restassured\json-path\2.8.0\json-path-2.8.0.jar;C:\Users\aakashchoudhary\.m2\repository\org\codehaus\groovy\groovy-json\2.4.4\groovy-json-2.4.4.jar;C:\Users\aakashchoudhary\.m2\repository\com\jayway\restassured\rest-assured-common\2.8.0\rest-assured-common-2.8.0.jar;C:\Users\aakashchoudhary\.m2\repository\com\jayway\restassured\xml-path\2.8.0\xml-path-2.8.0.jar;C:\Users\aakashchoudhary\.m2\repository\org\apache\commons\commons-lang3\3.3.2\commons-lang3-3.3.2.jar;"/>
    <property name="java.vm.vendor" value="Oracle Corporation"/>
    <property name="sun.arch.data.model" value="64"/>
    <property name="user.variant" value=""/>
    <property name="java.vendor.url" value="https://java.oracle.com/"/>
    <property name="user.timezone" value="Asia/Calcutta"/>
    <property name="os.name" value="Windows 10"/>
    <property name="java.vm.specification.version" value="12"/>
    <property name="sun.java.launcher" value="SUN_STANDARD"/>
    <property name="user.country" value="IN"/>
    <property name="sun.boot.library.path" value="C:\Users\aakashchoudhary\Downloads\jdk-12.0.2_windows-x64_bin\jdk-12.0.2\bin"/>
    <property name="sun.java.command" value="C:\Users\AAKASH~1\AppData\Local\Temp\surefire9938634498831503133\surefirebooter7911038821132642071.jar C:\Users\aakashchoudhary\AppData\Local\Temp\surefire9938634498831503133 2020-02-03T16-52-01_004-jvmRun1 surefire5946031934614761884tmp surefire_014823539514100042144tmp"/>
    <property name="jdk.debug" value="release"/>
    <property name="surefire.test.class.path" value="C:\Users\aakashchoudhary\eclipse-workspace\tatok\target\test-classes;C:\Users\aakashchoudhary\eclipse-workspace\tatok\target\classes;C:\Users\aakashchoudhary\.m2\repository\org\testng\testng\7.1.0\testng-7.1.0.jar;C:\Users\aakashchoudhary\.m2\repository\com\beust\jcommander\1.72\jcommander-1.72.jar;C:\Users\aakashchoudhary\.m2\repository\com\google\inject\guice\4.1.0\guice-4.1.0-no_aop.jar;C:\Users\aakashchoudhary\.m2\repository\javax\inject\javax.inject\1\javax.inject-1.jar;C:\Users\aakashchoudhary\.m2\repository\aopalliance\aopalliance\1.0\aopalliance-1.0.jar;C:\Users\aakashchoudhary\.m2\repository\org\yaml\snakeyaml\1.21\snakeyaml-1.21.jar;C:\Users\aakashchoudhary\.m2\repository\org\seleniumhq\selenium\selenium-java\3.141.59\selenium-java-3.141.59.jar;C:\Users\aakashchoudhary\.m2\repository\org\seleniumhq\selenium\selenium-api\3.141.59\selenium-api-3.141.59.jar;C:\Users\aakashchoudhary\.m2\repository\org\seleniumhq\selenium\selenium-chrome-driver\3.141.59\selenium-chrome-driver-3.141.59.jar;C:\Users\aakashchoudhary\.m2\repository\org\seleniumhq\selenium\selenium-edge-driver\3.141.59\selenium-edge-driver-3.141.59.jar;C:\Users\aakashchoudhary\.m2\repository\org\seleniumhq\selenium\selenium-firefox-driver\3.141.59\selenium-firefox-driver-3.141.59.jar;C:\Users\aakashchoudhary\.m2\repository\org\seleniumhq\selenium\selenium-ie-driver\3.141.59\selenium-ie-driver-3.141.59.jar;C:\Users\aakashchoudhary\.m2\repository\org\seleniumhq\selenium\selenium-opera-driver\3.141.59\selenium-opera-driver-3.141.59.jar;C:\Users\aakashchoudhary\.m2\repository\org\seleniumhq\selenium\selenium-remote-driver\3.141.59\selenium-remote-driver-3.141.59.jar;C:\Users\aakashchoudhary\.m2\repository\org\seleniumhq\selenium\selenium-safari-driver\3.141.59\selenium-safari-driver-3.141.59.jar;C:\Users\aakashchoudhary\.m2\repository\org\seleniumhq\selenium\selenium-support\3.141.59\selenium-support-3.141.59.jar;C:\Users\aakashchoudhary\.m2\repository\net\bytebuddy\byte-buddy\1.8.15\byte-buddy-1.8.15.jar;C:\Users\aakashchoudhary\.m2\repository\org\apache\commons\commons-exec\1.3\commons-exec-1.3.jar;C:\Users\aakashchoudhary\.m2\repository\com\google\guava\guava\25.0-jre\guava-25.0-jre.jar;C:\Users\aakashchoudhary\.m2\repository\com\google\code\findbugs\jsr305\1.3.9\jsr305-1.3.9.jar;C:\Users\aakashchoudhary\.m2\repository\org\checkerframework\checker-compat-qual\2.0.0\checker-compat-qual-2.0.0.jar;C:\Users\aakashchoudhary\.m2\repository\com\google\errorprone\error_prone_annotations\2.1.3\error_prone_annotations-2.1.3.jar;C:\Users\aakashchoudhary\.m2\repository\com\google\j2objc\j2objc-annotations\1.1\j2objc-annotations-1.1.jar;C:\Users\aakashchoudhary\.m2\repository\org\codehaus\mojo\animal-sniffer-annotations\1.14\animal-sniffer-annotations-1.14.jar;C:\Users\aakashchoudhary\.m2\repository\com\squareup\okhttp3\okhttp\3.11.0\okhttp-3.11.0.jar;C:\Users\aakashchoudhary\.m2\repository\com\squareup\okio\okio\1.14.0\okio-1.14.0.jar;C:\Users\aakashchoudhary\.m2\repository\mysql\mysql-connector-java\5.1.47\mysql-connector-java-5.1.47.jar;C:\Users\aakashchoudhary\.m2\repository\com\jayway\restassured\json-schema-validator\2.8.0\json-schema-validator-2.8.0.jar;C:\Users\aakashchoudhary\.m2\repository\com\github\fge\json-schema-validator\2.2.6\json-schema-validator-2.2.6.jar;C:\Users\aakashchoudhary\.m2\repository\joda-time\joda-time\2.3\joda-time-2.3.jar;C:\Users\aakashchoudhary\.m2\repository\com\googlecode\libphonenumber\libphonenumber\6.2\libphonenumber-6.2.jar;C:\Users\aakashchoudhary\.m2\repository\com\github\fge\json-schema-core\1.2.5\json-schema-core-1.2.5.jar;C:\Users\aakashchoudhary\.m2\repository\com\github\fge\uri-template\0.9\uri-template-0.9.jar;C:\Users\aakashchoudhary\.m2\repository\com\github\fge\msg-simple\1.1\msg-simple-1.1.jar;C:\Users\aakashchoudhary\.m2\repository\com\github\fge\btf\1.2\btf-1.2.jar;C:\Users\aakashchoudhary\.m2\repository\com\github\fge\jackson-coreutils\1.8\jackson-coreutils-1.8.jar;C:\Users\aakashchoudhary\.m2\repository\com\fasterxml\jackson\core\jackson-databind\2.2.3\jackson-databind-2.2.3.jar;C:\Users\aakashchoudhary\.m2\repository\com\fasterxml\jackson\core\jackson-annotations\2.2.3\jackson-annotations-2.2.3.jar;C:\Users\aakashchoudhary\.m2\repository\com\fasterxml\jackson\core\jackson-core\2.2.3\jackson-core-2.2.3.jar;C:\Users\aakashchoudhary\.m2\repository\org\mozilla\rhino\1.7R4\rhino-1.7R4.jar;C:\Users\aakashchoudhary\.m2\repository\javax\mail\mailapi\1.4.3\mailapi-1.4.3.jar;C:\Users\aakashchoudhary\.m2\repository\javax\activation\activation\1.1\activation-1.1.jar;C:\Users\aakashchoudhary\.m2\repository\net\sf\jopt-simple\jopt-simple\4.6\jopt-simple-4.6.jar;C:\Users\aakashchoudhary\.m2\repository\org\hamcrest\hamcrest-core\1.3\hamcrest-core-1.3.jar;C:\Users\aakashchoudhary\.m2\repository\com\jayway\restassured\rest-assured\2.8.0\rest-assured-2.8.0.jar;C:\Users\aakashchoudhary\.m2\repository\org\codehaus\groovy\groovy\2.4.4\groovy-2.4.4.jar;C:\Users\aakashchoudhary\.m2\repository\org\codehaus\groovy\groovy-xml\2.4.4\groovy-xml-2.4.4.jar;C:\Users\aakashchoudhary\.m2\repository\org\apache\httpcomponents\httpclient\4.5.1\httpclient-4.5.1.jar;C:\Users\aakashchoudhary\.m2\repository\org\apache\httpcomponents\httpcore\4.4.3\httpcore-4.4.3.jar;C:\Users\aakashchoudhary\.m2\repository\commons-logging\commons-logging\1.2\commons-logging-1.2.jar;C:\Users\aakashchoudhary\.m2\repository\commons-codec\commons-codec\1.9\commons-codec-1.9.jar;C:\Users\aakashchoudhary\.m2\repository\org\apache\httpcomponents\httpmime\4.5.1\httpmime-4.5.1.jar;C:\Users\aakashchoudhary\.m2\repository\org\hamcrest\hamcrest-library\1.3\hamcrest-library-1.3.jar;C:\Users\aakashchoudhary\.m2\repository\org\ccil\cowan\tagsoup\tagsoup\1.2.1\tagsoup-1.2.1.jar;C:\Users\aakashchoudhary\.m2\repository\com\jayway\restassured\json-path\2.8.0\json-path-2.8.0.jar;C:\Users\aakashchoudhary\.m2\repository\org\codehaus\groovy\groovy-json\2.4.4\groovy-json-2.4.4.jar;C:\Users\aakashchoudhary\.m2\repository\com\jayway\restassured\rest-assured-common\2.8.0\rest-assured-common-2.8.0.jar;C:\Users\aakashchoudhary\.m2\repository\com\jayway\restassured\xml-path\2.8.0\xml-path-2.8.0.jar;C:\Users\aakashchoudhary\.m2\repository\org\apache\commons\commons-lang3\3.3.2\commons-lang3-3.3.2.jar;"/>
    <property name="sun.cpu.endian" value="little"/>
    <property name="user.home" value="C:\Users\aakashchoudhary"/>
    <property name="user.language" value="en"/>
    <property name="java.specification.vendor" value="Oracle Corporation"/>
    <property name="java.version.date" value="2019-07-16"/>
    <property name="java.home" value="C:\Users\aakashchoudhary\Downloads\jdk-12.0.2_windows-x64_bin\jdk-12.0.2"/>
    <property name="file.separator" value="\"/>
    <property name="basedir" value="C:\Users\aakashchoudhary\eclipse-workspace\tatok"/>
    <property name="java.vm.compressedOopsMode" value="32-bit"/>
    <property name="line.separator" value="&#10;"/>
    <property name="java.vm.specification.vendor" value="Oracle Corporation"/>
    <property name="java.specification.name" value="Java Platform API Specification"/>
    <property name="java.awt.graphicsenv" value="sun.awt.Win32GraphicsEnvironment"/>
    <property name="surefire.real.class.path" value="C:\Users\AAKASH~1\AppData\Local\Temp\surefire9938634498831503133\surefirebooter7911038821132642071.jar"/>
    <property name="user.script" value=""/>
    <property name="sun.management.compiler" value="HotSpot 64-Bit Tiered Compilers"/>
    <property name="java.runtime.version" value="12.0.2+10"/>
    <property name="user.name" value="aakashchoudhary"/>
    <property name="path.separator" value=";"/>
    <property name="os.version" value="10.0"/>
    <property name="java.runtime.name" value="Java(TM) SE Runtime Environment"/>
    <property name="file.encoding" value="Cp1252"/>
    <property name="java.vm.name" value="Java HotSpot(TM) 64-Bit Server VM"/>
    <property name="localRepository" value="C:\Users\aakashchoudhary\.m2\repository"/>
    <property name="java.vendor.url.bug" value="https://bugreport.java.com/bugreport/"/>
    <property name="java.io.tmpdir" value="C:\Users\AAKASH~1\AppData\Local\Temp\"/>
    <property name="java.version" value="12.0.2"/>
    <property name="user.dir" value="C:\Users\aakashchoudhary\eclipse-workspace\tatok"/>
    <property name="os.arch" value="amd64"/>
    <property name="java.vm.specification.name" value="Java Virtual Machine Specification"/>
    <property name="sun.os.patch.level" value=""/>
    <property name="java.library.path" value="C:\Users\aakashchoudhary\Downloads\jdk-12.0.2_windows-x64_bin\jdk-12.0.2\bin;C:\Windows\Sun\Java\bin;C:\Windows\system32;C:\Windows;C:\Users\aakashchoudhary\Downloads\apache-maven-3.6.1-bin\apache-maven-3.6.1/bin;C:\Users\aakashchoudhary\Downloads\jdk-12.0.2_windows-x64_bin\jdk-12.0.2/bin;C:\Users\aakashchoudhary\Downloads\jdk-12.0.2_windows-x64_bin\jdk-12.0.2/bin;C:\ProgramData\Oracle\Java\javapath;C:\Windows\system32;C:\Windows;C:\Windows\System32\Wbem;C:\Windows\System32\WindowsPowerShell\v1.0\;C:\Windows\System32\OpenSSH\;C:\Users\aakashchoudhary\Downloads\jdk-12.0.2_windows-x64_bin\jdk-12.0.2\bin;C:\Users\aakashchoudhary\AppData\Local\Programs\Git\cmd;C:\Users\aakashchoudhary\Downloads\apache-maven-3.6.1-bin\apache-maven-3.6.1\bin;;."/>
    <property name="java.vm.info" value="mixed mode, sharing"/>
    <property name="java.vendor" value="Oracle Corporation"/>
    <property name="java.vm.version" value="12.0.2+10"/>
    <property name="sun.io.unicode.encoding" value="UnicodeLittle"/>
    <property name="java.class.version" value="56.0"/>
  </properties>
  <testcase name="launchwebdriver" classname="com.qainfotech.automation.tatok.AdvanceCourse_Test" time="7.639"/>
  <testcase name="LaunchqainfotechVpn" classname="com.qainfotech.automation.tatok.AdvanceCourse_Test" time="3.003"/>
  <testcase name="Launchtatocurl" classname="com.qainfotech.automation.tatok.AdvanceCourse_Test" time="6.499"/>
  <testcase name="clickOnAdvanceCourse" classname="com.qainfotech.automation.tatok.AdvanceCourse_Test" time="1.83"/>
  <testcase name="mouseHoverToNextButton" classname="com.qainfotech.automation.tatok.AdvanceCourse_Test" time="3.134"/>
  <testcase name="dataBaseConnection" classname="com.qainfotech.automation.tatok.AdvanceCourse_Test" time="13.638"/>
  <testcase name="vedioPlayer" classname="com.qainfotech.automation.tatok.AdvanceCourse_Test" time="0.537"/>
  <testcase name="restFul" classname="com.qainfotech.automation.tatok.AdvanceCourse_Test" time="0.073"/>
  <testcase name="launchwebdriver" classname="com.qainfotech.automation.tatok.BasicCourse_Test" time="3.023"/>
  <testcase name="LaunchqainfotechVpn" classname="com.qainfotech.automation.tatok.BasicCourse_Test" time="2.268"/>
  <testcase name="Launchtatocurl" classname="com.qainfotech.automation.tatok.BasicCourse_Test" time="6.383"/>
  <testcase name="selectBasicCourse" classname="com.qainfotech.automation.tatok.BasicCourse_Test" time="2.115"/>
  <testcase name="clickOnGreenBox" classname="com.qainfotech.automation.tatok.BasicCourse_Test" time="4.234"/>
  <testcase name="matchTwoBoxes" classname="com.qainfotech.automation.tatok.BasicCourse_Test" time="9.968"/>
  <testcase name="dragDropBox" classname="com.qainfotech.automation.tatok.BasicCourse_Test" time="0.953"/>
  <testcase name="launchPopUpWindow" classname="com.qainfotech.automation.tatok.BasicCourse_Test" time="3.624"/>
  <testcase name="cookieHandling" classname="com.qainfotech.automation.tatok.BasicCourse_Test" time="6.562"/>
  <testcase name="verifyEndOfBasicCourse" classname="com.qainfotech.automation.tatok.BasicCourse_Test" time="0.024"/>
</testsuite>