<?xml version="1.0" encoding="UTF-8"?>
<!-- Generated by org.testng.reporters.JUnitReportReporter -->
<testsuite skipped="0" hostname="DLLA1660" name="com.qainfotech.automation.tatok.AdvanceCourse_Test" tests="4" failures="0" timestamp="2020-01-27T18:49:44 IST" time="34.149" errors="0">
  <testcase name="launchwebdriver" time="6.417" classname="com.qainfotech.automation.tatok.AdvanceCourse_Test"/>
  <system-out/>
  <testcase name="LaunchqainfotechVpn" time="2.543" classname="com.qainfotech.automation.tatok.AdvanceCourse_Test"/>
  <system-out/>
  <testcase name="Launchtatocurl" time="6.569" classname="com.qainfotech.automation.tatok.AdvanceCourse_Test"/>
  <system-out/>
  <testcase name="advancetatocautomation" time="18.620" classname="com.qainfotech.automation.tatok.AdvanceCourse_Test"/>
  <system-out/>
</testsuite> <!-- com.qainfotech.automation.tatok.AdvanceCourse_Test -->
