<?xml version="1.0" encoding="UTF-8"?>
<!-- Generated by org.testng.reporters.JUnitReportReporter -->
<testsuite skipped="0" hostname="DLLA1660" name="com.qainfotech.automation.tatok.BasicCourse_Test" tests="10" failures="0" timestamp="2020-02-03T16:31:48 IST" time="49.914" errors="0">
  <testcase name="launchwebdriver" time="8.019" classname="com.qainfotech.automation.tatok.BasicCourse_Test"/>
  <system-out/>
  <testcase name="LaunchqainfotechVpn" time="2.332" classname="com.qainfotech.automation.tatok.BasicCourse_Test"/>
  <system-out/>
  <testcase name="Launchtatocurl" time="6.333" classname="com.qainfotech.automation.tatok.BasicCourse_Test"/>
  <system-out/>
  <testcase name="selectBasicCourse" time="1.691" classname="com.qainfotech.automation.tatok.BasicCourse_Test"/>
  <system-out/>
  <testcase name="clickOnGreenBox" time="4.872" classname="com.qainfotech.automation.tatok.BasicCourse_Test"/>
  <system-out/>
  <testcase name="matchTwoBoxes" time="16.300" classname="com.qainfotech.automation.tatok.BasicCourse_Test"/>
  <system-out/>
  <testcase name="dragDropBox" time="2.607" classname="com.qainfotech.automation.tatok.BasicCourse_Test"/>
  <system-out/>
  <testcase name="launchPopUpWindow" time="2.643" classname="com.qainfotech.automation.tatok.BasicCourse_Test"/>
  <system-out/>
  <testcase name="cookieHandling" time="5.037" classname="com.qainfotech.automation.tatok.BasicCourse_Test"/>
  <system-out/>
  <testcase name="verifyEndOfBasicCourse" time="0.080" classname="com.qainfotech.automation.tatok.BasicCourse_Test"/>
  <system-out/>
</testsuite> <!-- com.qainfotech.automation.tatok.BasicCourse_Test -->
