<?xml version="1.0" encoding="UTF-8"?>
<!-- Generated by org.testng.reporters.JUnitReportReporter -->
<testsuite hostname="DLLA1660" failures="0" tests="10" name="com.qainfotech.automation.tatok.BasicCourse_Test" time="39.151" errors="0" timestamp="2020-02-03T16:53:26 IST" skipped="0">
  <testcase classname="com.qainfotech.automation.tatok.BasicCourse_Test" name="launchwebdriver" time="3.017"/>
  <system-out/>
  <testcase classname="com.qainfotech.automation.tatok.BasicCourse_Test" name="LaunchqainfotechVpn" time="2.270"/>
  <system-out/>
  <testcase classname="com.qainfotech.automation.tatok.BasicCourse_Test" name="Launchtatocurl" time="6.384"/>
  <system-out/>
  <testcase classname="com.qainfotech.automation.tatok.BasicCourse_Test" name="selectBasicCourse" time="2.115"/>
  <system-out/>
  <testcase classname="com.qainfotech.automation.tatok.BasicCourse_Test" name="clickOnGreenBox" time="4.234"/>
  <system-out/>
  <testcase classname="com.qainfotech.automation.tatok.BasicCourse_Test" name="matchTwoBoxes" time="9.961"/>
  <system-out/>
  <testcase classname="com.qainfotech.automation.tatok.BasicCourse_Test" name="dragDropBox" time="0.961"/>
  <system-out/>
  <testcase classname="com.qainfotech.automation.tatok.BasicCourse_Test" name="launchPopUpWindow" time="3.622"/>
  <system-out/>
  <testcase classname="com.qainfotech.automation.tatok.BasicCourse_Test" name="cookieHandling" time="6.563"/>
  <system-out/>
  <testcase classname="com.qainfotech.automation.tatok.BasicCourse_Test" name="verifyEndOfBasicCourse" time="0.024"/>
  <system-out/>
</testsuite> <!-- com.qainfotech.automation.tatok.BasicCourse_Test -->
