<?xml version="1.0" encoding="UTF-8"?>
<!-- Generated by org.testng.reporters.JUnitReportReporter -->
<testsuite hostname="DLLA1660" failures="0" tests="8" name="com.qainfotech.automation.tatok.AdvanceCourse_Test" time="36.347" errors="0" timestamp="2020-02-03T16:53:26 IST" skipped="0">
  <testcase classname="com.qainfotech.automation.tatok.AdvanceCourse_Test" name="launchwebdriver" time="7.636"/>
  <system-out/>
  <testcase classname="com.qainfotech.automation.tatok.AdvanceCourse_Test" name="LaunchqainfotechVpn" time="3.003"/>
  <system-out/>
  <testcase classname="com.qainfotech.automation.tatok.AdvanceCourse_Test" name="Launchtatocurl" time="6.496"/>
  <system-out/>
  <testcase classname="com.qainfotech.automation.tatok.AdvanceCourse_Test" name="clickOnAdvanceCourse" time="1.831"/>
  <system-out/>
  <testcase classname="com.qainfotech.automation.tatok.AdvanceCourse_Test" name="mouseHoverToNextButton" time="3.134"/>
  <system-out/>
  <testcase classname="com.qainfotech.automation.tatok.AdvanceCourse_Test" name="dataBaseConnection" time="13.638"/>
  <system-out/>
  <testcase classname="com.qainfotech.automation.tatok.AdvanceCourse_Test" name="vedioPlayer" time="0.533"/>
  <system-out/>
  <testcase classname="com.qainfotech.automation.tatok.AdvanceCourse_Test" name="restFul" time="0.076"/>
  <system-out/>
</testsuite> <!-- com.qainfotech.automation.tatok.AdvanceCourse_Test -->
